# Logfile created on 2013-12-27 18:29:25 -0500 by logger.rb/36483
I, [2013-12-27T18:29:25.505022 #4412]  INFO -- : 0:  rack (1.5.2) from /Users/cyruswalker/.rvm/gems/ruby-2.0.0-p247@simple_public_timeline/specifications/rack-1.5.2.gemspec
I, [2013-12-27T18:29:27.561333 #4412]  INFO -- : 0:  rack-protection (1.5.1) from /Users/cyruswalker/.rvm/gems/ruby-2.0.0-p247@simple_public_timeline/specifications/rack-protection-1.5.1.gemspec
I, [2013-12-27T18:29:28.883086 #4412]  INFO -- : 0:  tilt (1.4.1) from /Users/cyruswalker/.rvm/gems/ruby-2.0.0-p247@simple_public_timeline/specifications/tilt-1.4.1.gemspec
I, [2013-12-27T18:29:30.582246 #4412]  INFO -- : 0:  sinatra (1.4.4) from /Users/cyruswalker/.rvm/gems/ruby-2.0.0-p247@simple_public_timeline/specifications/sinatra-1.4.4.gemspec
I, [2013-12-27T18:29:30.582726 #4412]  INFO -- : 0:  bundler (1.5.0) from /Users/cyruswalker/.rvm/gems/ruby-2.0.0-p247@simple_public_timeline/specifications/bundler-1.5.0.gemspec
I, [2013-12-27T18:29:57.746587 #4442]  INFO -- : 0:  rack (1.5.2) from /Users/cyruswalker/.rvm/gems/ruby-2.0.0-p247@simple_public_timeline/specifications/rack-1.5.2.gemspec
I, [2013-12-27T18:29:57.746991 #4442]  INFO -- : 0:  rack-protection (1.5.1) from /Users/cyruswalker/.rvm/gems/ruby-2.0.0-p247@simple_public_timeline/specifications/rack-protection-1.5.1.gemspec
I, [2013-12-27T18:29:59.366169 #4442]  INFO -- : 0:  redis (3.0.6) from /Users/cyruswalker/.rvm/gems/ruby-2.0.0-p247@simple_public_timeline/specifications/redis-3.0.6.gemspec
I, [2013-12-27T18:29:59.366851 #4442]  INFO -- : 0:  tilt (1.4.1) from /Users/cyruswalker/.rvm/gems/ruby-2.0.0-p247@simple_public_timeline/specifications/tilt-1.4.1.gemspec
I, [2013-12-27T18:29:59.367197 #4442]  INFO -- : 0:  sinatra (1.4.4) from /Users/cyruswalker/.rvm/gems/ruby-2.0.0-p247@simple_public_timeline/specifications/sinatra-1.4.4.gemspec
I, [2013-12-27T18:29:59.367531 #4442]  INFO -- : 0:  bundler (1.5.0) from /Users/cyruswalker/.rvm/gems/ruby-2.0.0-p247@simple_public_timeline/specifications/bundler-1.5.0.gemspec
I, [2013-12-27T21:14:31.374923 #5864]  INFO -- : 0:  addressable (2.3.5) from /Users/cyruswalker/.rvm/gems/ruby-2.0.0-p247@simple_public_timeline/specifications/addressable-2.3.5.gemspec
I, [2013-12-27T21:14:32.371214 #5864]  INFO -- : 0:  cookiejar (0.3.0) from /Users/cyruswalker/.rvm/gems/ruby-2.0.0-p247@simple_public_timeline/specifications/cookiejar-0.3.0.gemspec
I, [2013-12-27T21:14:33.401164 #5864]  INFO -- : 0:  daemons (1.1.9) from /Users/cyruswalker/.rvm/gems/ruby-2.0.0-p247@simple_public_timeline/specifications/daemons-1.1.9.gemspec
I, [2013-12-27T21:14:46.452100 #5864]  INFO -- : 0:  eventmachine (1.0.3) from /Users/cyruswalker/.rvm/gems/ruby-2.0.0-p247@simple_public_timeline/specifications/eventmachine-1.0.3.gemspec
I, [2013-12-27T21:14:47.331349 #5864]  INFO -- : 0:  em-socksify (0.3.0) from /Users/cyruswalker/.rvm/gems/ruby-2.0.0-p247@simple_public_timeline/specifications/em-socksify-0.3.0.gemspec
I, [2013-12-27T21:14:50.226351 #5864]  INFO -- : 0:  http_parser.rb (0.6.0) from /Users/cyruswalker/.rvm/gems/ruby-2.0.0-p247@simple_public_timeline/specifications/http_parser.rb-0.6.0.gemspec
I, [2013-12-27T21:14:52.285637 #5864]  INFO -- : 0:  em-http-request (1.1.2) from /Users/cyruswalker/.rvm/gems/ruby-2.0.0-p247@simple_public_timeline/specifications/em-http-request-1.1.2.gemspec
I, [2013-12-27T21:14:53.140389 #5864]  INFO -- : 0:  simple_oauth (0.2.0) from /Users/cyruswalker/.rvm/gems/ruby-2.0.0-p247@simple_public_timeline/specifications/simple_oauth-0.2.0.gemspec
I, [2013-12-27T21:14:55.923356 #5864]  INFO -- : 0:  em-twitter (0.3.2) from /Users/cyruswalker/.rvm/gems/ruby-2.0.0-p247@simple_public_timeline/specifications/em-twitter-0.3.2.gemspec
I, [2013-12-27T21:14:57.491638 #5864]  INFO -- : 0:  multipart-post (1.2.0) from /Users/cyruswalker/.rvm/gems/ruby-2.0.0-p247@simple_public_timeline/specifications/multipart-post-1.2.0.gemspec
I, [2013-12-27T21:15:01.773726 #5864]  INFO -- : 0:  faraday (0.8.8) from /Users/cyruswalker/.rvm/gems/ruby-2.0.0-p247@simple_public_timeline/specifications/faraday-0.8.8.gemspec
I, [2013-12-27T21:15:05.784958 #5864]  INFO -- : 0:  multi_json (1.8.2) from /Users/cyruswalker/.rvm/gems/ruby-2.0.0-p247@simple_public_timeline/specifications/multi_json-1.8.2.gemspec
I, [2013-12-27T21:15:05.785490 #5864]  INFO -- : 0:  rack (1.5.2) from /Users/cyruswalker/.rvm/gems/ruby-2.0.0-p247@simple_public_timeline/specifications/rack-1.5.2.gemspec
I, [2013-12-27T21:15:05.785883 #5864]  INFO -- : 0:  rack-protection (1.5.1) from /Users/cyruswalker/.rvm/gems/ruby-2.0.0-p247@simple_public_timeline/specifications/rack-protection-1.5.1.gemspec
I, [2013-12-27T21:15:05.786258 #5864]  INFO -- : 0:  redis (3.0.6) from /Users/cyruswalker/.rvm/gems/ruby-2.0.0-p247@simple_public_timeline/specifications/redis-3.0.6.gemspec
I, [2013-12-27T21:15:05.786818 #5864]  INFO -- : 0:  tilt (1.4.1) from /Users/cyruswalker/.rvm/gems/ruby-2.0.0-p247@simple_public_timeline/specifications/tilt-1.4.1.gemspec
I, [2013-12-27T21:15:05.787310 #5864]  INFO -- : 0:  sinatra (1.4.4) from /Users/cyruswalker/.rvm/gems/ruby-2.0.0-p247@simple_public_timeline/specifications/sinatra-1.4.4.gemspec
I, [2013-12-27T21:15:07.466983 #5864]  INFO -- : 0:  twitter (4.8.1) from /Users/cyruswalker/.rvm/gems/ruby-2.0.0-p247@simple_public_timeline/specifications/twitter-4.8.1.gemspec
I, [2013-12-27T21:15:08.722623 #5864]  INFO -- : 0:  tweetstream (2.6.0) from /Users/cyruswalker/.rvm/gems/ruby-2.0.0-p247@simple_public_timeline/specifications/tweetstream-2.6.0.gemspec
I, [2013-12-27T21:15:08.723293 #5864]  INFO -- : 0:  bundler (1.5.0) from /Users/cyruswalker/.rvm/gems/ruby-2.0.0-p247@simple_public_timeline/specifications/bundler-1.5.0.gemspec
